<?xml version="1.0" encoding="UTF-8"?>
<!-- Generated by org.testng.reporters.JUnitReportReporter -->
<testsuite skipped="0" hostname="LAPTOP-835BPCQT" name="MavenGrpID.MavenProjArtifactID.SeleniumTest" tests="2" failures="0" timestamp="2022-02-10T23:58:42 IST" time="0.003" errors="0">
  <testcase name="WebElementUI" time="0.000" classname="MavenGrpID.MavenProjArtifactID.SeleniumTest"/>
  <system-out/>
  <testcase name="Browserui" time="0.003" classname="MavenGrpID.MavenProjArtifactID.SeleniumTest"/>
  <system-out/>
</testsuite> <!-- MavenGrpID.MavenProjArtifactID.SeleniumTest -->
