<?xml version="1.0" encoding="UTF-8"?>
<!-- Generated by org.testng.reporters.JUnitReportReporter -->
<testsuite skipped="0" hostname="LAPTOP-835BPCQT" name="MavenGrpID.MavenProjArtifactID.API_Test" tests="1" failures="0" timestamp="2022-02-10T23:58:42 IST" time="0.001" errors="0">
  <testcase name="RestAPITest" time="0.001" classname="MavenGrpID.MavenProjArtifactID.API_Test"/>
  <system-out/>
</testsuite> <!-- MavenGrpID.MavenProjArtifactID.API_Test -->
