<?xml version="1.0" encoding="UTF-8"?>
<!-- Generated by org.testng.reporters.JUnitReportReporter -->
<testsuite hostname="LAPTOP-835BPCQT" failures="0" tests="2" name="MavenGrpID.MavenProjArtifactID.SeleniumTest" time="0.012" errors="0" timestamp="2022-01-27T12:55:22 IST" skipped="0">
  <testcase classname="MavenGrpID.MavenProjArtifactID.SeleniumTest" name="Others" time="0.001"/>
  <system-out/>
  <testcase classname="MavenGrpID.MavenProjArtifactID.SeleniumTest" name="Browserui" time="0.011"/>
  <system-out/>
</testsuite> <!-- MavenGrpID.MavenProjArtifactID.SeleniumTest -->
